c:\users\p138766\desktop\graphicstemplate\debug\graphicstemplate.pch
c:\users\p138766\desktop\graphicstemplate\debug\vc140.pdb
c:\users\p138766\desktop\graphicstemplate\debug\vc140.idb
c:\users\p138766\desktop\graphicstemplate\debug\stdafx.obj
c:\users\p138766\desktop\graphicstemplate\debug\cmymatrix.obj
c:\users\p138766\desktop\graphicstemplate\debug\crenderclass.obj
c:\users\p138766\desktop\graphicstemplate\debug\graphicstemplate.obj
c:\users\p138766\desktop\graphicstemplate\debug\graphicstemplate.pdb
c:\users\p138766\desktop\graphicstemplate\debug\graphicstemplate.tlog\cl.command.1.tlog
c:\users\p138766\desktop\graphicstemplate\debug\graphicstemplate.tlog\cl.read.1.tlog
c:\users\p138766\desktop\graphicstemplate\debug\graphicstemplate.tlog\cl.write.1.tlog
c:\users\p138766\desktop\graphicstemplate\debug\graphicstemplate.tlog\link.8996-cvtres.read.1.tlog
c:\users\p138766\desktop\graphicstemplate\debug\graphicstemplate.tlog\link.8996-cvtres.write.1.tlog
c:\users\p138766\desktop\graphicstemplate\debug\graphicstemplate.tlog\link.8996-rc.read.1.tlog
c:\users\p138766\desktop\graphicstemplate\debug\graphicstemplate.tlog\link.8996-rc.write.1.tlog
c:\users\p138766\desktop\graphicstemplate\debug\graphicstemplate.tlog\link.8996.read.1.tlog
c:\users\p138766\desktop\graphicstemplate\debug\graphicstemplate.tlog\link.8996.write.1.tlog
c:\users\p138766\desktop\graphicstemplate\debug\graphicstemplate.tlog\link.command.1.tlog
c:\users\p138766\desktop\graphicstemplate\debug\graphicstemplate.tlog\link.read.1.tlog
c:\users\p138766\desktop\graphicstemplate\debug\graphicstemplate.tlog\link.write.1.tlog
